<?xml version="1.0" encoding="UTF-8"?>
<!-- Generated by org.testng.reporters.JUnitReportReporter -->
<testsuite hostname="SeenaReddy" failures="0" tests="1" name="com.testscenarios.ClgWeekLive" time="14.850" errors="0" timestamp="2024-07-04T07:16:37 MDT" skipped="0">
  <testcase classname="com.testscenarios.ClgWeekLive" name="f" time="14.850"/>
</testsuite> <!-- com.testscenarios.ClgWeekLive -->
