<?xml version="1.0" encoding="UTF-8"?>
<!-- Generated by org.testng.reporters.JUnitReportReporter -->
<testsuite hostname="SeenaReddy" failures="0" tests="1" name="com.testscenarios.FBLogin" time="1.788" errors="0" timestamp="2024-06-17T07:57:06 MDT" skipped="0">
  <testcase classname="com.testscenarios.FBLogin" name="f" time="1.788"/>
</testsuite> <!-- com.testscenarios.FBLogin -->
