<?xml version="1.0" encoding="UTF-8"?>
<!-- Generated by org.testng.reporters.JUnitReportReporter -->
<testsuite hostname="SeenaReddy" failures="0" tests="1" name="com.testscenarios.DBConnection_fb" time="16.256" errors="0" timestamp="2024-07-01T08:22:27 MDT" skipped="0">
  <testcase classname="com.testscenarios.DBConnection_fb" name="tc_01_dbconnection" time="16.256"/>
</testsuite> <!-- com.testscenarios.DBConnection_fb -->
