<?xml version="1.0" encoding="UTF-8"?>
<!-- Generated by org.testng.reporters.JUnitReportReporter -->
<testsuite hostname="SeenaReddy" failures="0" tests="1" name="com.testscenarios.ReadTestDataFromExcelFile_FB_retesting" time="55.382" errors="0" timestamp="2024-06-24T07:45:29 MDT" skipped="0">
  <testcase classname="com.testscenarios.ReadTestDataFromExcelFile_FB_retesting" name="f" time="55.382"/>
</testsuite> <!-- com.testscenarios.ReadTestDataFromExcelFile_FB_retesting -->
