<?xml version="1.0" encoding="UTF-8"?>
<!-- Generated by org.testng.reporters.JUnitReportReporter -->
<testsuite hostname="SeenaReddy" failures="0" tests="1" name="com.testscenarios.FBLogin" time="1.354" errors="0" timestamp="2024-07-04T07:14:34 MDT" skipped="0">
  <testcase classname="com.testscenarios.FBLogin" name="f" time="1.354"/>
</testsuite> <!-- com.testscenarios.FBLogin -->
